[debug] [2023-03-14T00:37:27.614Z] ----------------------------------------------------------------------
[debug] [2023-03-14T00:37:27.618Z] Command:       C:\Program Files\nodejs\node.exe C:\Users\FRANCO\AppData\Roaming\npm\node_modules\firebase-tools\lib\bin\firebase.js init --token 1//0hiXRj3vRUPKyCgYIARAAGBESNgF-L9IrN4LsDnLENSY2dbhTO16D_jLiTPuNySNUWcm07-mryOupeiQAJ2sQMEArfB9NcA4RIw
[debug] [2023-03-14T00:37:27.619Z] CLI Version:   11.24.1
[debug] [2023-03-14T00:37:27.619Z] Platform:      win32
[debug] [2023-03-14T00:37:27.619Z] Node Version:  v16.15.1
[debug] [2023-03-14T00:37:27.621Z] Time:          Mon Mar 13 2023 21:37:27 GMT-0300 (hora estándar de Argentina)
[debug] [2023-03-14T00:37:27.622Z] ----------------------------------------------------------------------
[debug] 
[debug] [2023-03-14T00:37:27.636Z] > command requires scopes: ["email","openid","https://www.googleapis.com/auth/cloudplatformprojects.readonly","https://www.googleapis.com/auth/firebase","https://www.googleapis.com/auth/cloud-platform"]
[debug] [2023-03-14T00:37:27.637Z] > authorizing via --token option
[warn] !  Authenticating with `--token` is deprecated and will be removed in a future major version of `firebase-tools`. Instead, use a service account key with `GOOGLE_APPLICATION_CREDENTIALS`: https://cloud.google.com/docs/authentication/getting-started 
[info] 
     ######## #### ########  ######## ########     ###     ######  ########
     ##        ##  ##     ## ##       ##     ##  ##   ##  ##       ##
     ######    ##  ########  ######   ########  #########  ######  ######
     ##        ##  ##    ##  ##       ##     ## ##     ##       ## ##
     ##       #### ##     ## ######## ########  ##     ##  ######  ########

You're about to initialize a Firebase project in this directory:

  C:\Users\FRANCO\Desktop\cursoApx\8-react\10-desafio-del-modulo

[debug] [2023-03-14T00:40:12.779Z] ----------------------------------------------------------------------
[debug] [2023-03-14T00:40:12.783Z] Command:       C:\Program Files\nodejs\node.exe C:\Users\FRANCO\AppData\Roaming\npm\node_modules\firebase-tools\lib\bin\firebase.js init --token 1//0hiXRj3vRUPKyCgYIARAAGBESNgF-L9IrN4LsDnLENSY2dbhTO16D_jLiTPuNySNUWcm07-mryOupeiQAJ2sQMEArfB9NcA4RIw
[debug] [2023-03-14T00:40:12.784Z] CLI Version:   11.24.1
[debug] [2023-03-14T00:40:12.784Z] Platform:      win32
[debug] [2023-03-14T00:40:12.784Z] Node Version:  v16.15.1
[debug] [2023-03-14T00:40:12.787Z] Time:          Mon Mar 13 2023 21:40:12 GMT-0300 (hora estándar de Argentina)
[debug] [2023-03-14T00:40:12.787Z] ----------------------------------------------------------------------
[debug] 
[debug] [2023-03-14T00:40:12.804Z] > command requires scopes: ["email","openid","https://www.googleapis.com/auth/cloudplatformprojects.readonly","https://www.googleapis.com/auth/firebase","https://www.googleapis.com/auth/cloud-platform"]
[debug] [2023-03-14T00:40:12.805Z] > authorizing via --token option
[warn] !  Authenticating with `--token` is deprecated and will be removed in a future major version of `firebase-tools`. Instead, use a service account key with `GOOGLE_APPLICATION_CREDENTIALS`: https://cloud.google.com/docs/authentication/getting-started 
[info] 
     ######## #### ########  ######## ########     ###     ######  ########
     ##        ##  ##     ## ##       ##     ##  ##   ##  ##       ##
     ######    ##  ########  ######   ########  #########  ######  ######
     ##        ##  ##    ##  ##       ##     ## ##     ##       ## ##
     ##       #### ##     ## ######## ########  ##     ##  ######  ########

You're about to initialize a Firebase project in this directory:

  C:\Users\FRANCO\Desktop\cursoApx\8-react\10-desafio-del-modulo

[info] 
=== Project Setup
[info] 
[info] First, let's associate this project directory with a Firebase project.
[info] You can create multiple project aliases by running firebase use --add, 
[info] but for now we'll just set up a default project.
[info] 
[debug] [2023-03-14T00:42:41.598Z] > refreshing access token with scopes: []
[debug] [2023-03-14T00:42:41.605Z] >>> [apiv2][query] POST https://www.googleapis.com/oauth2/v3/token [none]
[debug] [2023-03-14T00:42:41.605Z] >>> [apiv2][body] POST https://www.googleapis.com/oauth2/v3/token [omitted]
[debug] [2023-03-14T00:42:41.950Z] <<< [apiv2][status] POST https://www.googleapis.com/oauth2/v3/token 200
[debug] [2023-03-14T00:42:41.950Z] <<< [apiv2][body] POST https://www.googleapis.com/oauth2/v3/token [omitted]
[debug] [2023-03-14T00:42:41.954Z] >>> [apiv2][query] GET https://firebase.googleapis.com/v1beta1/projects pageSize=100
[debug] [2023-03-14T00:42:42.570Z] <<< [apiv2][status] GET https://firebase.googleapis.com/v1beta1/projects 200
[debug] [2023-03-14T00:42:42.570Z] <<< [apiv2][body] GET https://firebase.googleapis.com/v1beta1/projects [omitted]
[info] i  Using project pet-finder-apx (pet-finder-apx) 
[info] 
=== Hosting Setup
[info] 
[info] Your public directory is the folder (relative to your project directory) that
[info] will contain Hosting assets to be uploaded with firebase deploy. If you
[info] have a build process for your assets, use your build's output directory.
[info] 
[debug] [2023-03-14T00:45:46.886Z] >>> [apiv2][query] GET https://www.gstatic.com/firebasejs/releases.json [none]
[debug] [2023-03-14T00:45:47.406Z] <<< [apiv2][status] GET https://www.gstatic.com/firebasejs/releases.json 200
[debug] [2023-03-14T00:45:47.407Z] <<< [apiv2][body] GET https://www.gstatic.com/firebasejs/releases.json {"current":{"version":"9.17.2","browserURL":"https://www.gstatic.com/firebasejs/9.17.2/firebase.js","packageURL":"https://www.gstatic.com/firebasejs/9.17.2/firebase.tgz"},"live":{"version":"9.17","browserURL":"https://www.gstatic.com/firebasejs/live/9.17/firebase.js","packageURL":"https://www.gstatic.com/firebasejs/live/9.17/firebase.tgz"},"components":{"analytics":"https://www.gstatic.com/firebasejs/9.17.2/firebase-analytics.js","app":"https://www.gstatic.com/firebasejs/9.17.2/firebase-app.js","app-check":"https://www.gstatic.com/firebasejs/9.17.2/firebase-app-check.js","auth":"https://www.gstatic.com/firebasejs/9.17.2/firebase-auth.js","auth/cordova":"https://www.gstatic.com/firebasejs/9.17.2/firebase-auth/cordova.js","auth/react-native":"https://www.gstatic.com/firebasejs/9.17.2/firebase-auth/react-native.js","functions":"https://www.gstatic.com/firebasejs/9.17.2/firebase-functions.js","firestore":"https://www.gstatic.com/firebasejs/9.17.2/firebase-firestore.js","firestore/lite":"https://www.gstatic.com/firebasejs/9.17.2/firebase-firestore/lite.js","installations":"https://www.gstatic.com/firebasejs/9.17.2/firebase-installations.js","storage":"https://www.gstatic.com/firebasejs/9.17.2/firebase-storage.js","performance":"https://www.gstatic.com/firebasejs/9.17.2/firebase-performance.js","remote-config":"https://www.gstatic.com/firebasejs/9.17.2/firebase-remote-config.js","messaging":"https://www.gstatic.com/firebasejs/9.17.2/firebase-messaging.js","messaging/sw":"https://www.gstatic.com/firebasejs/9.17.2/firebase-messaging/sw.js","database":"https://www.gstatic.com/firebasejs/9.17.2/firebase-database.js","firestore.memory":"https://www.gstatic.com/firebasejs/9.17.2/firebase-firestore.memory.js"}}
[info] i  Skipping write of ./index.html 
[info] 
[info] i  Didn't detect a .git folder. Assuming C:\Users\FRANCO\Desktop\cursoApx\8-react\10-desafio-del-modulo is the project root. 
[info] i  Authorizing with GitHub to upload your service account to a GitHub repository's secrets store. 
[info] 
[info] Visit this URL on this device to log in:
[info] https://github.com/login/oauth/authorize?client_id=89cf50f02ac6aaed3484&state=557348040&redirect_uri=http%3A%2F%2Flocalhost%3A9005&scope=read%3Auser%20repo%20public_repo
[info] 
[info] Waiting for authentication...
[debug] [2023-03-14T00:46:24.707Z] >>> [apiv2][query] POST https://github.com/login/oauth/access_token [none]
[debug] [2023-03-14T00:46:24.707Z] >>> [apiv2][body] POST https://github.com/login/oauth/access_token [stream]
[debug] [2023-03-14T00:46:25.737Z] <<< [apiv2][status] POST https://github.com/login/oauth/access_token 200
[debug] [2023-03-14T00:46:25.738Z] <<< [apiv2][body] POST https://github.com/login/oauth/access_token {"access_token":"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","token_type":"bearer","scope":"read:user,repo"}
[debug] [2023-03-14T00:46:25.792Z] >>> [apiv2][query] GET https://api.github.com/user [none]
[debug] [2023-03-14T00:46:26.651Z] <<< [apiv2][status] GET https://api.github.com/user 200
[debug] [2023-03-14T00:46:26.651Z] <<< [apiv2][body] GET https://api.github.com/user {"login":"francomamani00","id":78071220,"node_id":"MDQ6VXNlcjc4MDcxMjIw","avatar_url":"https://avatars.githubusercontent.com/u/78071220?v=4","gravatar_id":"","url":"https://api.github.com/users/francomamani00","html_url":"https://github.com/francomamani00","followers_url":"https://api.github.com/users/francomamani00/followers","following_url":"https://api.github.com/users/francomamani00/following{/other_user}","gists_url":"https://api.github.com/users/francomamani00/gists{/gist_id}","starred_url":"https://api.github.com/users/francomamani00/starred{/owner}{/repo}","subscriptions_url":"https://api.github.com/users/francomamani00/subscriptions","organizations_url":"https://api.github.com/users/francomamani00/orgs","repos_url":"https://api.github.com/users/francomamani00/repos","events_url":"https://api.github.com/users/francomamani00/events{/privacy}","received_events_url":"https://api.github.com/users/francomamani00/received_events","type":"User","site_admin":false,"name":"Franco Mamaní","company":null,"blog":"","location":null,"email":null,"hireable":null,"bio":null,"twitter_username":null,"public_repos":15,"public_gists":2,"followers":1,"following":7,"created_at":"2021-01-27T07:03:19Z","updated_at":"2023-03-14T00:46:19Z","private_gists":0,"total_private_repos":2,"owned_private_repos":2,"disk_usage":2455,"collaborators":0,"two_factor_authentication":false,"plan":{"name":"free","space":976562499,"collaborators":0,"private_repos":10000}}
[info] 
[info] +  Success! Logged into GitHub as francomamani00 
[info] 
